<?xml version="1.0" encoding="UTF-8"?>
<testng-results ignored="0" total="1" passed="0" failed="0" skipped="1">
  <reporter-output>
  </reporter-output>
  <suite started-at="2023-12-22T16:06:33 IST" name="Default suite" finished-at="2023-12-22T16:07:10 IST" duration-ms="37285">
    <groups>
    </groups>
    <test started-at="2023-12-22T16:06:33 IST" name="Default test" finished-at="2023-12-22T16:07:10 IST" duration-ms="37285">
      <class name="TestMobile.LoginTestScript">
        <test-method is-config="true" signature="beforeSuite()[pri:0, instance:TestMobile.LoginTestScript@7bba5817]" started-at="2023-12-22T16:06:33 IST" name="beforeSuite" finished-at="2023-12-22T16:06:33 IST" duration-ms="539" status="PASS">
          <reporter-output>
          </reporter-output>
        </test-method> <!-- beforeSuite -->
        <test-method is-config="true" signature="launchApplication(org.testng.ITestResult)[pri:0, instance:TestMobile.LoginTestScript@7bba5817]" started-at="2023-12-22T16:06:33 IST" name="launchApplication" finished-at="2023-12-22T16:07:10 IST" duration-ms="37122" status="FAIL">
          <params>
            <param index="0">
              <value>
                <![CDATA[[TestResult name={null} status=CREATED method=LoginTestScript.login()[pri:0, instance:TestMobile.LoginTestScript@7bba5817] output={null}]]]>
              </value>
            </param>
          </params>
          <exception class="org.openqa.selenium.SessionNotCreatedException">
            <message>
              <![CDATA[Could not start a new session. Response code 500. Message: An unknown server-side error occurred while processing the command. Original error: Cannot start the 'com.erspl.erspl' application. Visit https://github.com/appium/appium/blob/master/docs/en/writing-running-appium/android/activity-startup.md for troubleshooting. Original error: 'com.erspl.erspl.Activity.SplashActivity' or 'com.erspl.erspl.com.erspl.erspl.Activity.SplashActivity' never started. Visit https://github.com/appium/appium/blob/master/docs/en/writing-running-appium/android/activity-startup.md for troubleshooting 
Host info: host: 'ANIL', ip: '192.168.22.226'
Build info: version: '4.8.1', revision: '8ebccac989'
System info: os.name: 'Windows 10', os.arch: 'amd64', os.version: '10.0', java.version: '20.0.2'
Driver info: io.appium.java_client.android.AndroidDriver
Command: [null, newSession {capabilities=[{appium:adbExecTimeout=200000, appium:app=C:\Users\hp\Downloads\eRSPL\src\main\resources\appFiles\app.apk, appium:automationName=UiAutomator2, appium:deviceName=redmi 12, appium:newCommandTimeout=3000, platformName=ANDROID, appium:platformVersion=13, appium:udid=49c3e8db90dd}], desiredCapabilities=Capabilities {adbExecTimeout: 200000, app: C:\Users\hp\Downloads\eRSPL..., automationName: UiAutomator2, deviceName: redmi 12, newCommandTimeout: 3000, platformName: ANDROID, platformVersion: 13, udid: 49c3e8db90dd}}]
Capabilities {adbExecTimeout: 200000, app: C:\Users\hp\Downloads\eRSPL..., automationName: UiAutomator2, deviceName: redmi 12, newCommandTimeout: 3000, platformName: ANDROID, platformVersion: 13, udid: 49c3e8db90dd}]]>
            </message>
            <full-stacktrace>
              <![CDATA[org.openqa.selenium.SessionNotCreatedException: Could not start a new session. Response code 500. Message: An unknown server-side error occurred while processing the command. Original error: Cannot start the 'com.erspl.erspl' application. Visit https://github.com/appium/appium/blob/master/docs/en/writing-running-appium/android/activity-startup.md for troubleshooting. Original error: 'com.erspl.erspl.Activity.SplashActivity' or 'com.erspl.erspl.com.erspl.erspl.Activity.SplashActivity' never started. Visit https://github.com/appium/appium/blob/master/docs/en/writing-running-appium/android/activity-startup.md for troubleshooting 
Host info: host: 'ANIL', ip: '192.168.22.226'
Build info: version: '4.8.1', revision: '8ebccac989'
System info: os.name: 'Windows 10', os.arch: 'amd64', os.version: '10.0', java.version: '20.0.2'
Driver info: io.appium.java_client.android.AndroidDriver
Command: [null, newSession {capabilities=[{appium:adbExecTimeout=200000, appium:app=C:\Users\hp\Downloads\eRSPL\src\main\resources\appFiles\app.apk, appium:automationName=UiAutomator2, appium:deviceName=redmi 12, appium:newCommandTimeout=3000, platformName=ANDROID, appium:platformVersion=13, appium:udid=49c3e8db90dd}], desiredCapabilities=Capabilities {adbExecTimeout: 200000, app: C:\Users\hp\Downloads\eRSPL..., automationName: UiAutomator2, deviceName: redmi 12, newCommandTimeout: 3000, platformName: ANDROID, platformVersion: 13, udid: 49c3e8db90dd}}]
Capabilities {adbExecTimeout: 200000, app: C:\Users\hp\Downloads\eRSPL..., automationName: UiAutomator2, deviceName: redmi 12, newCommandTimeout: 3000, platformName: ANDROID, platformVersion: 13, udid: 49c3e8db90dd}
at org.openqa.selenium.remote.ProtocolHandshake.createSession(ProtocolHandshake.java:148)
at java.base/jdk.internal.reflect.DirectMethodHandleAccessor.invoke(DirectMethodHandleAccessor.java:104)
at java.base/java.lang.reflect.Method.invoke(Method.java:578)
at io.appium.java_client.remote.AppiumProtocolHandshake.createSession(AppiumProtocolHandshake.java:133)
at io.appium.java_client.remote.AppiumProtocolHandshake.createSession(AppiumProtocolHandshake.java:102)
at io.appium.java_client.remote.AppiumCommandExecutor.createSession(AppiumCommandExecutor.java:194)
at io.appium.java_client.remote.AppiumCommandExecutor.execute(AppiumCommandExecutor.java:262)
at org.openqa.selenium.remote.RemoteWebDriver.execute(RemoteWebDriver.java:543)
at io.appium.java_client.AppiumDriver.startSession(AppiumDriver.java:229)
at org.openqa.selenium.remote.RemoteWebDriver.<init>(RemoteWebDriver.java:157)
at io.appium.java_client.AppiumDriver.<init>(AppiumDriver.java:80)
at io.appium.java_client.AppiumDriver.<init>(AppiumDriver.java:92)
at io.appium.java_client.android.AndroidDriver.<init>(AndroidDriver.java:117)
at mobileUtility.MobileUtil.launchPhone(MobileUtil.java:83)
at basetest.TestBase.launchApplication(TestBase.java:55)
at java.base/jdk.internal.reflect.DirectMethodHandleAccessor.invoke(DirectMethodHandleAccessor.java:104)
at java.base/java.lang.reflect.Method.invoke(Method.java:578)
at org.testng.internal.MethodInvocationHelper.invokeMethod(MethodInvocationHelper.java:133)
at org.testng.internal.MethodInvocationHelper.invokeMethodConsideringTimeout(MethodInvocationHelper.java:62)
at org.testng.internal.ConfigInvoker.invokeConfigurationMethod(ConfigInvoker.java:385)
at org.testng.internal.ConfigInvoker.invokeConfigurations(ConfigInvoker.java:321)
at org.testng.internal.TestInvoker.runConfigMethods(TestInvoker.java:700)
at org.testng.internal.TestInvoker.invokeMethod(TestInvoker.java:527)
at org.testng.internal.TestInvoker.invokeTestMethod(TestInvoker.java:173)
at org.testng.internal.MethodRunner.runInSequence(MethodRunner.java:46)
at org.testng.internal.TestInvoker$MethodInvocationAgent.invoke(TestInvoker.java:824)
at org.testng.internal.TestInvoker.invokeTestMethods(TestInvoker.java:146)
at org.testng.internal.TestMethodWorker.invokeTestMethods(TestMethodWorker.java:146)
at org.testng.internal.TestMethodWorker.run(TestMethodWorker.java:128)
at java.base/java.util.ArrayList.forEach(ArrayList.java:1511)
at org.testng.TestRunner.privateRun(TestRunner.java:794)
at org.testng.TestRunner.run(TestRunner.java:596)
at org.testng.SuiteRunner.runTest(SuiteRunner.java:377)
at org.testng.SuiteRunner.runSequentially(SuiteRunner.java:371)
at org.testng.SuiteRunner.privateRun(SuiteRunner.java:332)
at org.testng.SuiteRunner.run(SuiteRunner.java:276)
at org.testng.SuiteRunnerWorker.runSuite(SuiteRunnerWorker.java:53)
at org.testng.SuiteRunnerWorker.run(SuiteRunnerWorker.java:96)
at org.testng.TestNG.runSuitesSequentially(TestNG.java:1212)
at org.testng.TestNG.runSuitesLocally(TestNG.java:1134)
at org.testng.TestNG.runSuites(TestNG.java:1063)
at org.testng.TestNG.run(TestNG.java:1031)
at org.testng.remote.AbstractRemoteTestNG.run(AbstractRemoteTestNG.java:115)
at org.testng.remote.RemoteTestNG.initAndRun(RemoteTestNG.java:251)
at org.testng.remote.RemoteTestNG.main(RemoteTestNG.java:77)
]]>
            </full-stacktrace>
          </exception> <!-- org.openqa.selenium.SessionNotCreatedException -->
          <reporter-output>
          </reporter-output>
        </test-method> <!-- launchApplication -->
        <test-method signature="login()[pri:0, instance:TestMobile.LoginTestScript@7bba5817]" started-at="2023-12-22T16:07:10 IST" name="login" finished-at="2023-12-22T16:07:10 IST" duration-ms="0" status="SKIP">
          <exception class="org.openqa.selenium.SessionNotCreatedException">
            <message>
              <![CDATA[Could not start a new session. Response code 500. Message: An unknown server-side error occurred while processing the command. Original error: Cannot start the 'com.erspl.erspl' application. Visit https://github.com/appium/appium/blob/master/docs/en/writing-running-appium/android/activity-startup.md for troubleshooting. Original error: 'com.erspl.erspl.Activity.SplashActivity' or 'com.erspl.erspl.com.erspl.erspl.Activity.SplashActivity' never started. Visit https://github.com/appium/appium/blob/master/docs/en/writing-running-appium/android/activity-startup.md for troubleshooting 
Host info: host: 'ANIL', ip: '192.168.22.226'
Build info: version: '4.8.1', revision: '8ebccac989'
System info: os.name: 'Windows 10', os.arch: 'amd64', os.version: '10.0', java.version: '20.0.2'
Driver info: io.appium.java_client.android.AndroidDriver
Command: [null, newSession {capabilities=[{appium:adbExecTimeout=200000, appium:app=C:\Users\hp\Downloads\eRSPL\src\main\resources\appFiles\app.apk, appium:automationName=UiAutomator2, appium:deviceName=redmi 12, appium:newCommandTimeout=3000, platformName=ANDROID, appium:platformVersion=13, appium:udid=49c3e8db90dd}], desiredCapabilities=Capabilities {adbExecTimeout: 200000, app: C:\Users\hp\Downloads\eRSPL..., automationName: UiAutomator2, deviceName: redmi 12, newCommandTimeout: 3000, platformName: ANDROID, platformVersion: 13, udid: 49c3e8db90dd}}]
Capabilities {adbExecTimeout: 200000, app: C:\Users\hp\Downloads\eRSPL..., automationName: UiAutomator2, deviceName: redmi 12, newCommandTimeout: 3000, platformName: ANDROID, platformVersion: 13, udid: 49c3e8db90dd}]]>
            </message>
            <full-stacktrace>
              <![CDATA[org.openqa.selenium.SessionNotCreatedException: Could not start a new session. Response code 500. Message: An unknown server-side error occurred while processing the command. Original error: Cannot start the 'com.erspl.erspl' application. Visit https://github.com/appium/appium/blob/master/docs/en/writing-running-appium/android/activity-startup.md for troubleshooting. Original error: 'com.erspl.erspl.Activity.SplashActivity' or 'com.erspl.erspl.com.erspl.erspl.Activity.SplashActivity' never started. Visit https://github.com/appium/appium/blob/master/docs/en/writing-running-appium/android/activity-startup.md for troubleshooting 
Host info: host: 'ANIL', ip: '192.168.22.226'
Build info: version: '4.8.1', revision: '8ebccac989'
System info: os.name: 'Windows 10', os.arch: 'amd64', os.version: '10.0', java.version: '20.0.2'
Driver info: io.appium.java_client.android.AndroidDriver
Command: [null, newSession {capabilities=[{appium:adbExecTimeout=200000, appium:app=C:\Users\hp\Downloads\eRSPL\src\main\resources\appFiles\app.apk, appium:automationName=UiAutomator2, appium:deviceName=redmi 12, appium:newCommandTimeout=3000, platformName=ANDROID, appium:platformVersion=13, appium:udid=49c3e8db90dd}], desiredCapabilities=Capabilities {adbExecTimeout: 200000, app: C:\Users\hp\Downloads\eRSPL..., automationName: UiAutomator2, deviceName: redmi 12, newCommandTimeout: 3000, platformName: ANDROID, platformVersion: 13, udid: 49c3e8db90dd}}]
Capabilities {adbExecTimeout: 200000, app: C:\Users\hp\Downloads\eRSPL..., automationName: UiAutomator2, deviceName: redmi 12, newCommandTimeout: 3000, platformName: ANDROID, platformVersion: 13, udid: 49c3e8db90dd}
at org.openqa.selenium.remote.ProtocolHandshake.createSession(ProtocolHandshake.java:148)
at java.base/jdk.internal.reflect.DirectMethodHandleAccessor.invoke(DirectMethodHandleAccessor.java:104)
at java.base/java.lang.reflect.Method.invoke(Method.java:578)
at io.appium.java_client.remote.AppiumProtocolHandshake.createSession(AppiumProtocolHandshake.java:133)
at io.appium.java_client.remote.AppiumProtocolHandshake.createSession(AppiumProtocolHandshake.java:102)
at io.appium.java_client.remote.AppiumCommandExecutor.createSession(AppiumCommandExecutor.java:194)
at io.appium.java_client.remote.AppiumCommandExecutor.execute(AppiumCommandExecutor.java:262)
at org.openqa.selenium.remote.RemoteWebDriver.execute(RemoteWebDriver.java:543)
at io.appium.java_client.AppiumDriver.startSession(AppiumDriver.java:229)
at org.openqa.selenium.remote.RemoteWebDriver.<init>(RemoteWebDriver.java:157)
at io.appium.java_client.AppiumDriver.<init>(AppiumDriver.java:80)
at io.appium.java_client.AppiumDriver.<init>(AppiumDriver.java:92)
at io.appium.java_client.android.AndroidDriver.<init>(AndroidDriver.java:117)
at mobileUtility.MobileUtil.launchPhone(MobileUtil.java:83)
at basetest.TestBase.launchApplication(TestBase.java:55)
at java.base/jdk.internal.reflect.DirectMethodHandleAccessor.invoke(DirectMethodHandleAccessor.java:104)
at java.base/java.lang.reflect.Method.invoke(Method.java:578)
at org.testng.internal.MethodInvocationHelper.invokeMethod(MethodInvocationHelper.java:133)
at org.testng.internal.MethodInvocationHelper.invokeMethodConsideringTimeout(MethodInvocationHelper.java:62)
at org.testng.internal.ConfigInvoker.invokeConfigurationMethod(ConfigInvoker.java:385)
at org.testng.internal.ConfigInvoker.invokeConfigurations(ConfigInvoker.java:321)
at org.testng.internal.TestInvoker.runConfigMethods(TestInvoker.java:700)
at org.testng.internal.TestInvoker.invokeMethod(TestInvoker.java:527)
at org.testng.internal.TestInvoker.invokeTestMethod(TestInvoker.java:173)
at org.testng.internal.MethodRunner.runInSequence(MethodRunner.java:46)
at org.testng.internal.TestInvoker$MethodInvocationAgent.invoke(TestInvoker.java:824)
at org.testng.internal.TestInvoker.invokeTestMethods(TestInvoker.java:146)
at org.testng.internal.TestMethodWorker.invokeTestMethods(TestMethodWorker.java:146)
at org.testng.internal.TestMethodWorker.run(TestMethodWorker.java:128)
at java.base/java.util.ArrayList.forEach(ArrayList.java:1511)
at org.testng.TestRunner.privateRun(TestRunner.java:794)
at org.testng.TestRunner.run(TestRunner.java:596)
at org.testng.SuiteRunner.runTest(SuiteRunner.java:377)
at org.testng.SuiteRunner.runSequentially(SuiteRunner.java:371)
at org.testng.SuiteRunner.privateRun(SuiteRunner.java:332)
at org.testng.SuiteRunner.run(SuiteRunner.java:276)
at org.testng.SuiteRunnerWorker.runSuite(SuiteRunnerWorker.java:53)
at org.testng.SuiteRunnerWorker.run(SuiteRunnerWorker.java:96)
at org.testng.TestNG.runSuitesSequentially(TestNG.java:1212)
at org.testng.TestNG.runSuitesLocally(TestNG.java:1134)
at org.testng.TestNG.runSuites(TestNG.java:1063)
at org.testng.TestNG.run(TestNG.java:1031)
at org.testng.remote.AbstractRemoteTestNG.run(AbstractRemoteTestNG.java:115)
at org.testng.remote.RemoteTestNG.initAndRun(RemoteTestNG.java:251)
at org.testng.remote.RemoteTestNG.main(RemoteTestNG.java:77)
]]>
            </full-stacktrace>
          </exception> <!-- org.openqa.selenium.SessionNotCreatedException -->
          <reporter-output>
          </reporter-output>
        </test-method> <!-- login -->
        <test-method is-config="true" signature="afterMethod(org.testng.ITestResult)[pri:0, instance:TestMobile.LoginTestScript@7bba5817]" started-at="2023-12-22T16:07:10 IST" name="afterMethod" finished-at="2023-12-22T16:07:10 IST" duration-ms="2" status="PASS">
          <params>
            <param index="0">
              <value>
                <![CDATA[[TestResult name={null} status=CREATED method=LoginTestScript.login()[pri:0, instance:TestMobile.LoginTestScript@7bba5817] output={null}]]]>
              </value>
            </param>
          </params>
          <reporter-output>
          </reporter-output>
        </test-method> <!-- afterMethod -->
        <test-method is-config="true" signature="afterSuite()[pri:0, instance:TestMobile.LoginTestScript@7bba5817]" started-at="2023-12-22T16:07:11 IST" name="afterSuite" finished-at="2023-12-22T16:07:12 IST" duration-ms="1052" status="PASS">
          <reporter-output>
          </reporter-output>
        </test-method> <!-- afterSuite -->
      </class> <!-- TestMobile.LoginTestScript -->
    </test> <!-- Default test -->
  </suite> <!-- Default suite -->
</testng-results>
